HeartRate/HeartRateDataTransferCompleteCode/mobile/build/intermediates/manifest_merge_blame_file/debug/processDebugMainManifest/manifest-merger-blame-debug-report.txt
1<?xml version="1.0" encoding="utf-8"?>
2<manifest xmlns:android="http://schemas.android.com/apk/res/android"
3    package="com.samsung.health.hrdatatransfer"
4    android:versionCode="1"
5    android:versionName="1.0" >
6
7    <uses-sdk
8        android:minSdkVersion="30"
9        android:targetSdkVersion="36" />
10
11    <permission
11-->[androidx.core:core:1.16.0] AndroidManifest.xml:22:5-24:47
12        android:name="com.samsung.health.hrdatatransfer.DYNAMIC_RECEIVER_NOT_EXPORTED_PERMISSION"
12-->[androidx.core:core:1.16.0] AndroidManifest.xml:23:9-81
13        android:protectionLevel="signature" />
13-->[androidx.core:core:1.16.0] AndroidManifest.xml:24:9-44
14
15    <uses-permission android:name="com.samsung.health.hrdatatransfer.DYNAMIC_RECEIVER_NOT_EXPORTED_PERMISSION" />
15-->[androidx.core:core:1.16.0] AndroidManifest.xml:26:5-97
15-->[androidx.core:core:1.16.0] AndroidManifest.xml:26:22-94
16
17    <application
17-->src\main\AndroidManifest.xml:6:5-42:19
18        android:name="com.samsung.health.mobile.MobileApp"
18-->src\main\AndroidManifest.xml:7:9-59
19        android:allowBackup="true"
19-->src\main\AndroidManifest.xml:8:9-35
20        android:appComponentFactory="androidx.core.app.CoreComponentFactory"
20-->[androidx.core:core:1.16.0] AndroidManifest.xml:28:18-86
21        android:debuggable="true"
22        android:extractNativeLibs="false"
23        android:fullBackupOnly="true"
23-->src\main\AndroidManifest.xml:9:9-38
24        android:icon="@drawable/ic_launcher"
24-->src\main\AndroidManifest.xml:10:9-45
25        android:label="@string/app_name"
25-->src\main\AndroidManifest.xml:11:9-41
26        android:testOnly="true" >
27        <service
27-->src\main\AndroidManifest.xml:12:9-28:19
28            android:name="com.samsung.health.mobile.data.DataListenerService"
28-->src\main\AndroidManifest.xml:13:13-78
29            android:exported="true" >
29-->src\main\AndroidManifest.xml:14:13-36
30            <intent-filter>
30-->src\main\AndroidManifest.xml:16:13-27:29
31                <action android:name="com.google.android.gms.wearable.DATA_CHANGED" />
31-->src\main\AndroidManifest.xml:17:17-87
31-->src\main\AndroidManifest.xml:17:25-84
32                <action android:name="com.google.android.gms.wearable.MESSAGE_RECEIVED" />
32-->src\main\AndroidManifest.xml:18:17-91
32-->src\main\AndroidManifest.xml:18:25-88
33                <action android:name="com.google.android.gms.wearable.REQUEST_RECEIVED" />
33-->src\main\AndroidManifest.xml:19:17-91
33-->src\main\AndroidManifest.xml:19:25-88
34                <action android:name="com.google.android.gms.wearable.CAPABILITY_CHANGED" />
34-->src\main\AndroidManifest.xml:20:17-93
34-->src\main\AndroidManifest.xml:20:25-90
35                <action android:name="com.google.android.gms.wearable.CHANNEL_EVENT" />
35-->src\main\AndroidManifest.xml:21:17-88
35-->src\main\AndroidManifest.xml:21:25-85
36
37                <data
37-->src\main\AndroidManifest.xml:23:17-26:45
38                    android:host="*"
38-->src\main\AndroidManifest.xml:24:21-37
39                    android:pathPrefix="/msg"
39-->src\main\AndroidManifest.xml:25:21-46
40                    android:scheme="wear" />
40-->src\main\AndroidManifest.xml:26:21-42
41            </intent-filter>
42        </service>
43
44        <activity
44-->src\main\AndroidManifest.xml:29:9-41:20
45            android:name="com.samsung.health.mobile.presentation.MainActivity"
45-->src\main\AndroidManifest.xml:30:13-79
46            android:configChanges="orientation|keyboardHidden"
46-->src\main\AndroidManifest.xml:31:13-63
47            android:exported="true"
47-->src\main\AndroidManifest.xml:32:13-36
48            android:launchMode="singleTask"
48-->src\main\AndroidManifest.xml:33:13-44
49            android:screenOrientation="portrait"
49-->src\main\AndroidManifest.xml:34:13-49
50            android:theme="@android:style/Theme.Black.NoTitleBar.Fullscreen" >
50-->src\main\AndroidManifest.xml:35:13-77
51            <intent-filter>
51-->src\main\AndroidManifest.xml:37:13-40:29
52                <action android:name="android.intent.action.MAIN" />
52-->src\main\AndroidManifest.xml:38:17-69
52-->src\main\AndroidManifest.xml:38:25-66
53
54                <category android:name="android.intent.category.LAUNCHER" />
54-->src\main\AndroidManifest.xml:39:17-77
54-->src\main\AndroidManifest.xml:39:27-74
55            </intent-filter>
56        </activity>
57        <activity
57-->[com.google.android.gms:play-services-base:18.5.0] AndroidManifest.xml:5:9-173
58            android:name="com.google.android.gms.common.api.GoogleApiActivity"
58-->[com.google.android.gms:play-services-base:18.5.0] AndroidManifest.xml:5:19-85
59            android:exported="false"
59-->[com.google.android.gms:play-services-base:18.5.0] AndroidManifest.xml:5:146-170
60            android:theme="@android:style/Theme.Translucent.NoTitleBar" />
60-->[com.google.android.gms:play-services-base:18.5.0] AndroidManifest.xml:5:86-145
61
62        <provider
62-->[androidx.emoji2:emoji2:1.3.0] AndroidManifest.xml:24:9-32:20
63            android:name="androidx.startup.InitializationProvider"
63-->[androidx.emoji2:emoji2:1.3.0] AndroidManifest.xml:25:13-67
64            android:authorities="com.samsung.health.hrdatatransfer.androidx-startup"
64-->[androidx.emoji2:emoji2:1.3.0] AndroidManifest.xml:26:13-68
65            android:exported="false" >
65-->[androidx.emoji2:emoji2:1.3.0] AndroidManifest.xml:27:13-37
66            <meta-data
66-->[androidx.emoji2:emoji2:1.3.0] AndroidManifest.xml:29:13-31:52
67                android:name="androidx.emoji2.text.EmojiCompatInitializer"
67-->[androidx.emoji2:emoji2:1.3.0] AndroidManifest.xml:30:17-75
68                android:value="androidx.startup" />
68-->[androidx.emoji2:emoji2:1.3.0] AndroidManifest.xml:31:17-49
69            <meta-data
69-->[androidx.lifecycle:lifecycle-process:2.8.3] AndroidManifest.xml:29:13-31:52
70                android:name="androidx.lifecycle.ProcessLifecycleInitializer"
70-->[androidx.lifecycle:lifecycle-process:2.8.3] AndroidManifest.xml:30:17-78
71                android:value="androidx.startup" />
71-->[androidx.lifecycle:lifecycle-process:2.8.3] AndroidManifest.xml:31:17-49
72            <meta-data
72-->[androidx.profileinstaller:profileinstaller:1.4.0] AndroidManifest.xml:29:13-31:52
73                android:name="androidx.profileinstaller.ProfileInstallerInitializer"
73-->[androidx.profileinstaller:profileinstaller:1.4.0] AndroidManifest.xml:30:17-85
74                android:value="androidx.startup" />
74-->[androidx.profileinstaller:profileinstaller:1.4.0] AndroidManifest.xml:31:17-49
75        </provider>
76
77        <meta-data
77-->[com.google.android.gms:play-services-basement:18.4.0] AndroidManifest.xml:6:9-122
78            android:name="com.google.android.gms.version"
78-->[com.google.android.gms:play-services-basement:18.4.0] AndroidManifest.xml:6:20-65
79            android:value="@integer/google_play_services_version" />
79-->[com.google.android.gms:play-services-basement:18.4.0] AndroidManifest.xml:6:66-119
80
81        <receiver
81-->[androidx.profileinstaller:profileinstaller:1.4.0] AndroidManifest.xml:34:9-52:20
82            android:name="androidx.profileinstaller.ProfileInstallReceiver"
82-->[androidx.profileinstaller:profileinstaller:1.4.0] AndroidManifest.xml:35:13-76
83            android:directBootAware="false"
83-->[androidx.profileinstaller:profileinstaller:1.4.0] AndroidManifest.xml:36:13-44
84            android:enabled="true"
84-->[androidx.profileinstaller:profileinstaller:1.4.0] AndroidManifest.xml:37:13-35
85            android:exported="true"
85-->[androidx.profileinstaller:profileinstaller:1.4.0] AndroidManifest.xml:38:13-36
86            android:permission="android.permission.DUMP" >
86-->[androidx.profileinstaller:profileinstaller:1.4.0] AndroidManifest.xml:39:13-57
87            <intent-filter>
87-->[androidx.profileinstaller:profileinstaller:1.4.0] AndroidManifest.xml:40:13-42:29
88                <action android:name="androidx.profileinstaller.action.INSTALL_PROFILE" />
88-->[androidx.profileinstaller:profileinstaller:1.4.0] AndroidManifest.xml:41:17-91
88-->[androidx.profileinstaller:profileinstaller:1.4.0] AndroidManifest.xml:41:25-88
89            </intent-filter>
90            <intent-filter>
90-->[androidx.profileinstaller:profileinstaller:1.4.0] AndroidManifest.xml:43:13-45:29
91                <action android:name="androidx.profileinstaller.action.SKIP_FILE" />
91-->[androidx.profileinstaller:profileinstaller:1.4.0] AndroidManifest.xml:44:17-85
91-->[androidx.profileinstaller:profileinstaller:1.4.0] AndroidManifest.xml:44:25-82
92            </intent-filter>
93            <intent-filter>
93-->[androidx.profileinstaller:profileinstaller:1.4.0] AndroidManifest.xml:46:13-48:29
94                <action android:name="androidx.profileinstaller.action.SAVE_PROFILE" />
94-->[androidx.profileinstaller:profileinstaller:1.4.0] AndroidManifest.xml:47:17-88
94-->[androidx.profileinstaller:profileinstaller:1.4.0] AndroidManifest.xml:47:25-85
95            </intent-filter>
96            <intent-filter>
96-->[androidx.profileinstaller:profileinstaller:1.4.0] AndroidManifest.xml:49:13-51:29
97                <action android:name="androidx.profileinstaller.action.BENCHMARK_OPERATION" />
97-->[androidx.profileinstaller:profileinstaller:1.4.0] AndroidManifest.xml:50:17-95
97-->[androidx.profileinstaller:profileinstaller:1.4.0] AndroidManifest.xml:50:25-92
98            </intent-filter>
99        </receiver>
100    </application>
101
102</manifest>